<?xml version="1.0" encoding="UTF-8"?>
<!-- Generated by org.testng.reporters.JUnitXMLReporter -->
<testsuite ignored="0" hostname="DESKTOP-GMMHS1E" failures="0" tests="3" name="Test" time="132.117" errors="0" timestamp="2022-08-03T20:28:05 IDT">
  <testcase classname="academySite.ValidDataNavigationBar" name="checkValidationOfNavigation" time="0.15"/>
  <testcase classname="academySite.AcdaemySiteMainTest" name="mainTest" time="0.093"/>
  <testcase classname="academySite.ValidDataTitle" name="checkValidtionOfTitle" time="0.166"/>
</testsuite> <!-- Test -->
