<?xml version="1.0" encoding="UTF-8"?>
<!-- Generated by org.testng.reporters.JUnitXMLReporter -->
<testsuite ignored="0" hostname="DESKTOP-GMMHS1E" failures="1" tests="1" name="Validing title in the Page" time="12.264" errors="0" timestamp="2022-08-08T09:34:26 IDT">
  <testcase classname="academySite.ValidDataTitle" name="checkValidtionOfTitle" time="5.105">
    <failure type="java.lang.AssertionError" message="expected [FEATURED COURSES123] but found [FEATURED COURSES]">
      <![CDATA[java.lang.AssertionError: expected [FEATURED COURSES123] but found [FEATURED COURSES]
at academySite.ValidDataTitle.checkValidtionOfTitle(ValidDataTitle.java:36)
at java.base/java.util.ArrayList.forEach(ArrayList.java:1511)
... Removed 33 stack frames]]>
    </failure>
  </testcase> <!-- checkValidtionOfTitle -->
</testsuite> <!-- Validing title in the Page -->
